{"numFailedTestSuites":0,"numFailedTests":0,"numPassedTestSuites":2,"numPassedTests":6,"numPendingTestSuites":0,"numPendingTests":0,"numRuntimeErrorTestSuites":0,"numTodoTests":0,"numTotalTestSuites":2,"numTotalTests":6,"openHandles":[],"snapshot":{"added":0,"didUpdate":false,"failure":false,"filesAdded":0,"filesRemoved":0,"filesRemovedList":[],"filesUnmatched":0,"filesUpdated":0,"matched":1,"total":1,"unchecked":0,"uncheckedKeysByFile":[],"unmatched":0,"updated":0},"startTime":1724050009678,"success":true,"testResults":[{"assertionResults":[{"ancestorTitles":["Home hero section"],"duration":198,"failureDetails":[],"failureMessages":[],"fullName":"Home hero section display the home hero section","invocations":1,"location":null,"numPassingAsserts":1,"retryReasons":[],"status":"passed","title":"display the home hero section"}],"endTime":1724050012607,"message":"","name":"D:\\programming\\front\\projects\\classbon\\src\\app\\_components\\home-hero-section\\home-hero-section.test.tsx","startTime":1724050011090,"status":"passed","summary":""},{"assertionResults":[{"ancestorTitles":[],"duration":153,"failureDetails":[],"failureMessages":[],"fullName":"renders a default button","invocations":1,"location":null,"numPassingAsserts":1,"retryReasons":[],"status":"passed","title":"renders a default button"},{"ancestorTitles":[],"duration":16,"failureDetails":[],"failureMessages":[],"fullName":"disables the button when isDisabled prop is true","invocations":1,"location":null,"numPassingAsserts":1,"retryReasons":[],"status":"passed","title":"disables the button when isDisabled prop is true"},{"ancestorTitles":[],"duration":200,"failureDetails":[],"failureMessages":[],"fullName":"applies the correct css class for different button variants","invocations":1,"location":null,"numPassingAsserts":2,"retryReasons":[],"status":"passed","title":"applies the correct css class for different button variants"},{"ancestorTitles":[],"duration":75,"failureDetails":[],"failureMessages":[],"fullName":"applies the correct css class for different button sizes","invocations":1,"location":null,"numPassingAsserts":2,"retryReasons":[],"status":"passed","title":"applies the correct css class for different button sizes"},{"ancestorTitles":[],"duration":90,"failureDetails":[],"failureMessages":[],"fullName":"show rendered button","invocations":1,"location":null,"numPassingAsserts":0,"retryReasons":[],"status":"passed","title":"show rendered button"}],"endTime":1724050012801,"message":"","name":"D:\\programming\\front\\projects\\classbon\\src\\app\\_components\\button\\button.test.tsx","startTime":1724050011058,"status":"passed","summary":""}],"wasInterrupted":false}
